c:\users\gosus\documents\cp-school\csc476\476-setup\con476setup\con476setup\debug\vc141.pdb
c:\users\gosus\documents\cp-school\csc476\476-setup\con476setup\con476setup\debug\vc141.idb
c:\users\gosus\documents\cp-school\csc476\476-setup\con476setup\con476setup\debug\windowmanager.obj
c:\users\gosus\documents\cp-school\csc476\476-setup\con476setup\con476setup\debug\texture.obj
c:\users\gosus\documents\cp-school\csc476\476-setup\con476setup\con476setup\debug\shape.obj
c:\users\gosus\documents\cp-school\csc476\476-setup\con476setup\con476setup\debug\program.obj
c:\users\gosus\documents\cp-school\csc476\476-setup\con476setup\con476setup\debug\matrixstack.obj
c:\users\gosus\documents\cp-school\csc476\476-setup\con476setup\con476setup\debug\main.obj
c:\users\gosus\documents\cp-school\csc476\476-setup\con476setup\con476setup\debug\gltexturewriter.obj
c:\users\gosus\documents\cp-school\csc476\476-setup\con476setup\con476setup\debug\glsl.obj
c:\users\gosus\documents\cp-school\csc476\476-setup\con476setup\con476setup\debug\glad.obj
c:\users\gosus\documents\cp-school\csc476\476-setup\con476setup\debug\con476setup.exe
c:\users\gosus\documents\cp-school\csc476\476-setup\con476setup\debug\con476setup.ilk
c:\users\gosus\documents\cp-school\csc476\476-setup\con476setup\debug\con476setup.pdb
c:\users\gosus\documents\cp-school\csc476\476-setup\con476setup\con476setup\debug\con476setup.tlog\cl.command.1.tlog
c:\users\gosus\documents\cp-school\csc476\476-setup\con476setup\con476setup\debug\con476setup.tlog\cl.read.1.tlog
c:\users\gosus\documents\cp-school\csc476\476-setup\con476setup\con476setup\debug\con476setup.tlog\cl.write.1.tlog
c:\users\gosus\documents\cp-school\csc476\476-setup\con476setup\con476setup\debug\con476setup.tlog\link.command.1.tlog
c:\users\gosus\documents\cp-school\csc476\476-setup\con476setup\con476setup\debug\con476setup.tlog\link.read.1.tlog
c:\users\gosus\documents\cp-school\csc476\476-setup\con476setup\con476setup\debug\con476setup.tlog\link.write.1.tlog
